<?xml version="1.0" encoding="UTF-8"?>
<!-- Generated by org.testng.reporters.JUnitReportReporter -->
<testsuite hostname="DESKTOP-25DU9HG" failures="0" tests="9" name="Testing.PDPTesting" time="3.236" errors="0"
           timestamp="2024-01-19T16:28:56 EET" skipped="0">
    <testcase classname="Testing.PDPTesting" name="openPDPForTheFirstItem" time="0.695"/>
    <testcase classname="Testing.PDPTesting" name="nameIsVisable" time="0.028"/>
    <testcase classname="Testing.PDPTesting" name="categoryIsVisable" time="0.021"/>
    <testcase classname="Testing.PDPTesting" name="priceIsVisable" time="0.020"/>
    <testcase classname="Testing.PDPTesting" name="availabilityIsVisable" time="0.025"/>
    <testcase classname="Testing.PDPTesting" name="conditionIsVisable" time="0.022"/>
    <testcase classname="Testing.PDPTesting" name="brandIsVisable" time="0.023"/>
    <testcase classname="Testing.PDPTesting" name="addingItemToTheCart" time="0.649"/>
    <testcase classname="Testing.PDPTesting" name="addingToCartAndGoToCart" time="1.753"/>
</testsuite> <!-- Testing.PDPTesting -->
