<?xml version="1.0" encoding="UTF-8"?>
<!-- Generated by org.testng.reporters.JUnitReportReporter -->
<testsuite hostname="DESKTOP-25DU9HG" failures="0" tests="2" name="Testing.NewUserSignUpTesting" time="11.051"
           errors="0" timestamp="2024-01-19T16:28:56 EET" skipped="0">
    <testcase classname="Testing.NewUserSignUpTesting" name="enteringNewUser" time="0.665"/>
    <testcase classname="Testing.NewUserSignUpTesting" name="enteringSignUpData" time="10.386"/>
</testsuite> <!-- Testing.NewUserSignUpTesting -->
