<?xml version="1.0" encoding="UTF-8"?>
<!-- Generated by org.testng.reporters.JUnitReportReporter -->
<testsuite hostname="DESKTOP-25DU9HG" failures="0" tests="1" name="Testing.ContactUsTesting" time="5.308" errors="0"
           timestamp="2024-01-19T16:28:56 EET" skipped="0">
    <testcase classname="Testing.ContactUsTesting" name="ContactingUsTesting" time="5.308"/>
</testsuite> <!-- Testing.ContactUsTesting -->
