<?xml version="1.0" encoding="UTF-8"?>
<!-- Generated by org.testng.reporters.JUnitReportReporter -->
<testsuite hostname="DESKTOP-25DU9HG" failures="0" tests="2" name="Testing.LoginTesting" time="5.265" errors="0"
           timestamp="2024-01-19T16:28:56 EET" skipped="0">
    <testcase classname="Testing.LoginTesting" name="signinWithWrongCredentials" time="0.630"/>
    <testcase classname="Testing.LoginTesting" name="signinWithCorrectCredentials" time="4.635"/>
</testsuite> <!-- Testing.LoginTesting -->
