<?xml version="1.0" encoding="UTF-8"?>
<!-- Generated by org.testng.reporters.JUnitReportReporter -->
<testsuite hostname="DESKTOP-25DU9HG" failures="0" tests="3" name="Testing.FirstPageTesting" time="3.433" errors="0"
           timestamp="2024-01-19T16:28:56 EET" skipped="0">
    <testcase classname="Testing.FirstPageTesting" name="openContactingUsPage" time="1.318"/>
    <testcase classname="Testing.FirstPageTesting" name="loggingOut" time="1.117"/>
    <testcase classname="Testing.FirstPageTesting" name="openLoginAndRigistrationPage" time="0.998"/>
</testsuite> <!-- Testing.FirstPageTesting -->
